<?xml version="1.0" encoding="UTF-8"?>
<!-- Generated by org.testng.reporters.JUnitXMLReporter -->
<testsuite hostname="QA-Yatendra" ignored="0" name="IIMJOBS Test Cases" tests="10" failures="2" timestamp="25 Jan 2019 09:05:40 GMT" time="151.232" errors="0">
  <testcase name="loginpagetitletest" time="0.036" classname="com.iimjobs.qa.testcases.LoginPageTest"/>
  <testcase name="verifyjobfeedpage" time="0.014" classname="com.iimjobs.qa.testcases.JobFeedTest">
    <failure type="java.lang.AssertionError" message="expected [My Jobfeed] but found [Jobseekers login - iimjobs.com]">
      <![CDATA[java.lang.AssertionError: expected [My Jobfeed] but found [Jobseekers login - iimjobs.com]
at com.iimjobs.qa.testcases.JobFeedTest.verifyjobfeedpage(JobFeedTest.java:37)
... Removed 31 stack frames]]>
    </failure>
  </testcase> <!-- verifyjobfeedpage -->
  <testcase name="VerifyCreateyourownjobfeedpage" time="3.959" classname="com.iimjobs.qa.testcases.Createyourjobfeedtest"/>
  <testcase name="loginheadertext" time="0.038" classname="com.iimjobs.qa.testcases.LoginPageTest"/>
  <testcase name="verifyjobfeedpagetext" time="1.803" classname="com.iimjobs.qa.testcases.JobFeedTest"/>
  <testcase name="verifyclikonITandsystemjobsandITmgmt" time="11.017" classname="com.iimjobs.qa.testcases.Createyourjobfeedtest"/>
  <testcase name="Loginpagebackgroundimage" time="0.062" classname="com.iimjobs.qa.testcases.LoginPageTest">
    <failure type="javax.imageio.IIOException" message="Can&amp;apos;t read input file!">
      <![CDATA[javax.imageio.IIOException: Can't read input file!
at javax.imageio.ImageIO.read(Unknown Source)
at com.iimjobs.qa.testcases.LoginPageTest.Loginpagebackgroundimage(LoginPageTest.java:60)
... Removed 25 stack frames]]>
    </failure>
  </testcase> <!-- Loginpagebackgroundimage -->
  <testcase name="logintest" time="0.299" classname="com.iimjobs.qa.testcases.LoginPageTest"/>
  <testcase name="createyourjobfeed" time="4.276" classname="com.iimjobs.qa.testcases.JobFeedTest"/>
  <testcase name="Verifyjobfeedfilter" time="28.368" classname="com.iimjobs.qa.testcases.Createyourjobfeedtest"/>
</testsuite> <!-- IIMJOBS Test Cases -->
